{"uuid":"0f24c88d-d6db-4f81-9e90-aced7f67acea","historyId":"834dcc6e7af232bf00bd0af4fde866bf","testCaseId":"a6d9b5bf5a1c14a0459ba26885729bbb","fullName":"src/test/resources/Features/GArrayPQpage.feature:5","labels":[{"name":"host","value":"Joanna"},{"name":"thread","value":"45476@Joanna.main(1)"},{"name":"feature","value":"Feature to test the array practice questions page"},{"name":"story","value":"Check the Search the array page"},{"name":"suite","value":"Feature to test the array practice questions page"},{"name":"testClass","value":"Check the Search the array page"},{"name":"framework","value":"cucumber4jvm"},{"name":"language","value":"java"},{"name":"gherkin_uri","value":"file:///C:/Users/golda/git/DsAlgoProject/DsAlgoProject/src/test/resources/Features/GArrayPQpage.feature"},{"name":"package","value":"src.test.resources.Features.GArrayPQpage_feature.Feature to test the array practice questions page"}],"links":[],"name":"Check the Search the array page","status":"broken","statusDetails":{"known":false,"muted":false,"flaky":false,"message":"unexpected alert open: {Alert text : NameError: name 'println' is not defined on line 1}\n  (Session info: chrome=131.0.6778.69): NameError: name 'println' is not defined on line 1\nBuild info: version: '4.23.1', revision: '656257d8e9'\nSystem info: os.name: 'Windows 11', os.arch: 'amd64', os.version: '10.0', java.version: '22.0.2'\nDriver info: org.openqa.selenium.chrome.ChromeDriver\nCommand: [1af52ae4b40814e922e15acc69ecc3e4, get {url=https://dsportalapp.herokuapp.com/array/practice}]\nCapabilities {acceptInsecureCerts: false, browserName: chrome, browserVersion: 131.0.6778.69, chrome: {chromedriverVersion: 131.0.6778.69 (77e2244bbcda..., userDataDir: C:\\Users\\golda\\AppData\\Loca...}, fedcm:accounts: true, goog:chromeOptions: {debuggerAddress: localhost:50373}, networkConnectionEnabled: false, pageLoadStrategy: normal, platformName: windows, proxy: Proxy(), se:cdp: ws://localhost:50373/devtoo..., se:cdpVersion: 131.0.6778.69, setWindowRect: true, strictFileInteractability: false, timeouts: {implicit: 0, pageLoad: 300000, script: 30000}, unhandledPromptBehavior: dismiss and notify, webauthn:extension:credBlob: true, webauthn:extension:largeBlob: true, webauthn:extension:minPinLength: true, webauthn:extension:prf: true, webauthn:virtualAuthenticators: true}\nSession ID: 1af52ae4b40814e922e15acc69ecc3e4","trace":"org.openqa.selenium.UnhandledAlertException: unexpected alert open: {Alert text : NameError: name 'println' is not defined on line 1}\n  (Session info: chrome=131.0.6778.69): NameError: name 'println' is not defined on line 1\nBuild info: version: '4.23.1', revision: '656257d8e9'\nSystem info: os.name: 'Windows 11', os.arch: 'amd64', os.version: '10.0', java.version: '22.0.2'\nDriver info: org.openqa.selenium.chrome.ChromeDriver\nCommand: [1af52ae4b40814e922e15acc69ecc3e4, get {url=https://dsportalapp.herokuapp.com/array/practice}]\nCapabilities {acceptInsecureCerts: false, browserName: chrome, browserVersion: 131.0.6778.69, chrome: {chromedriverVersion: 131.0.6778.69 (77e2244bbcda..., userDataDir: C:\\Users\\golda\\AppData\\Loca...}, fedcm:accounts: true, goog:chromeOptions: {debuggerAddress: localhost:50373}, networkConnectionEnabled: false, pageLoadStrategy: normal, platformName: windows, proxy: Proxy(), se:cdp: ws://localhost:50373/devtoo..., se:cdpVersion: 131.0.6778.69, setWindowRect: true, strictFileInteractability: false, timeouts: {implicit: 0, pageLoad: 300000, script: 30000}, unhandledPromptBehavior: dismiss and notify, webauthn:extension:credBlob: true, webauthn:extension:largeBlob: true, webauthn:extension:minPinLength: true, webauthn:extension:prf: true, webauthn:virtualAuthenticators: true}\nSession ID: 1af52ae4b40814e922e15acc69ecc3e4\r\n\tat org.openqa.selenium.remote.codec.w3c.W3CHttpResponseCodec.decode(W3CHttpResponseCodec.java:136)\r\n\tat org.openqa.selenium.remote.codec.w3c.W3CHttpResponseCodec.decode(W3CHttpResponseCodec.java:50)\r\n\tat org.openqa.selenium.remote.HttpCommandExecutor.execute(HttpCommandExecutor.java:190)\r\n\tat org.openqa.selenium.remote.service.DriverCommandExecutor.invokeExecute(DriverCommandExecutor.java:216)\r\n\tat org.openqa.selenium.remote.service.DriverCommandExecutor.execute(DriverCommandExecutor.java:174)\r\n\tat org.openqa.selenium.remote.RemoteWebDriver.execute(RemoteWebDriver.java:545)\r\n\tat org.openqa.selenium.remote.RemoteWebDriver.get(RemoteWebDriver.java:313)\r\n\tat stepdef.ArrayPQstepdef.user_is_on_practice_questions_page(ArrayPQstepdef.java:19)\r\n\tat ✽.User is on practice questions page(file:///C:/Users/golda/git/DsAlgoProject/DsAlgoProject/src/test/resources/Features/GArrayPQpage.feature:7)\r\n"},"stage":"finished","steps":[{"name":"Given User is on practice questions page","status":"broken","statusDetails":{"known":false,"muted":false,"flaky":false,"message":"unexpected alert open: {Alert text : NameError: name 'println' is not defined on line 1}\n  (Session info: chrome=131.0.6778.69): NameError: name 'println' is not defined on line 1\nBuild info: version: '4.23.1', revision: '656257d8e9'\nSystem info: os.name: 'Windows 11', os.arch: 'amd64', os.version: '10.0', java.version: '22.0.2'\nDriver info: org.openqa.selenium.chrome.ChromeDriver\nCommand: [1af52ae4b40814e922e15acc69ecc3e4, get {url=https://dsportalapp.herokuapp.com/array/practice}]\nCapabilities {acceptInsecureCerts: false, browserName: chrome, browserVersion: 131.0.6778.69, chrome: {chromedriverVersion: 131.0.6778.69 (77e2244bbcda..., userDataDir: C:\\Users\\golda\\AppData\\Loca...}, fedcm:accounts: true, goog:chromeOptions: {debuggerAddress: localhost:50373}, networkConnectionEnabled: false, pageLoadStrategy: normal, platformName: windows, proxy: Proxy(), se:cdp: ws://localhost:50373/devtoo..., se:cdpVersion: 131.0.6778.69, setWindowRect: true, strictFileInteractability: false, timeouts: {implicit: 0, pageLoad: 300000, script: 30000}, unhandledPromptBehavior: dismiss and notify, webauthn:extension:credBlob: true, webauthn:extension:largeBlob: true, webauthn:extension:minPinLength: true, webauthn:extension:prf: true, webauthn:virtualAuthenticators: true}\nSession ID: 1af52ae4b40814e922e15acc69ecc3e4","trace":"org.openqa.selenium.UnhandledAlertException: unexpected alert open: {Alert text : NameError: name 'println' is not defined on line 1}\n  (Session info: chrome=131.0.6778.69): NameError: name 'println' is not defined on line 1\nBuild info: version: '4.23.1', revision: '656257d8e9'\nSystem info: os.name: 'Windows 11', os.arch: 'amd64', os.version: '10.0', java.version: '22.0.2'\nDriver info: org.openqa.selenium.chrome.ChromeDriver\nCommand: [1af52ae4b40814e922e15acc69ecc3e4, get {url=https://dsportalapp.herokuapp.com/array/practice}]\nCapabilities {acceptInsecureCerts: false, browserName: chrome, browserVersion: 131.0.6778.69, chrome: {chromedriverVersion: 131.0.6778.69 (77e2244bbcda..., userDataDir: C:\\Users\\golda\\AppData\\Loca...}, fedcm:accounts: true, goog:chromeOptions: {debuggerAddress: localhost:50373}, networkConnectionEnabled: false, pageLoadStrategy: normal, platformName: windows, proxy: Proxy(), se:cdp: ws://localhost:50373/devtoo..., se:cdpVersion: 131.0.6778.69, setWindowRect: true, strictFileInteractability: false, timeouts: {implicit: 0, pageLoad: 300000, script: 30000}, unhandledPromptBehavior: dismiss and notify, webauthn:extension:credBlob: true, webauthn:extension:largeBlob: true, webauthn:extension:minPinLength: true, webauthn:extension:prf: true, webauthn:virtualAuthenticators: true}\nSession ID: 1af52ae4b40814e922e15acc69ecc3e4\r\n\tat org.openqa.selenium.remote.codec.w3c.W3CHttpResponseCodec.decode(W3CHttpResponseCodec.java:136)\r\n\tat org.openqa.selenium.remote.codec.w3c.W3CHttpResponseCodec.decode(W3CHttpResponseCodec.java:50)\r\n\tat org.openqa.selenium.remote.HttpCommandExecutor.execute(HttpCommandExecutor.java:190)\r\n\tat org.openqa.selenium.remote.service.DriverCommandExecutor.invokeExecute(DriverCommandExecutor.java:216)\r\n\tat org.openqa.selenium.remote.service.DriverCommandExecutor.execute(DriverCommandExecutor.java:174)\r\n\tat org.openqa.selenium.remote.RemoteWebDriver.execute(RemoteWebDriver.java:545)\r\n\tat org.openqa.selenium.remote.RemoteWebDriver.get(RemoteWebDriver.java:313)\r\n\tat stepdef.ArrayPQstepdef.user_is_on_practice_questions_page(ArrayPQstepdef.java:19)\r\n\tat ✽.User is on practice questions page(file:///C:/Users/golda/git/DsAlgoProject/DsAlgoProject/src/test/resources/Features/GArrayPQpage.feature:7)\r\n"},"stage":"finished","steps":[],"attachments":[],"parameters":[],"start":1731786027458,"stop":1731786027471},{"name":"When User clicks on Search the array Link","status":"skipped","statusDetails":{"known":false,"muted":false,"flaky":false},"stage":"finished","steps":[],"attachments":[],"parameters":[],"start":1731786027473,"stop":1731786027473},{"name":"Then User navigated to Search the array Page","status":"skipped","statusDetails":{"known":false,"muted":false,"flaky":false},"stage":"finished","steps":[],"attachments":[],"parameters":[],"start":1731786027473,"stop":1731786027473}],"attachments":[],"parameters":[],"start":1731786027458,"stop":1731786027473}