{"uuid":"225aa37d-1216-4c41-9a0c-62aa94d401c0","historyId":"11028ad1f7c271966f238150e262182a","testCaseId":"f9d96e03ba5b1a1b86508c94be9433c6","fullName":"src/test/resources/Features/Ahomepage.feature:100","labels":[{"name":"host","value":"Joanna"},{"name":"thread","value":"37756@Joanna.main(1)"},{"name":"feature","value":"feature to test the home page"},{"name":"story","value":"Check get started button of Stack  tab."},{"name":"suite","value":"feature to test the home page"},{"name":"testClass","value":"Check get started button of Stack  tab."},{"name":"framework","value":"cucumber4jvm"},{"name":"language","value":"java"},{"name":"gherkin_uri","value":"file:///C:/Users/golda/git/DsAlgoProject/DsAlgoProject/src/test/resources/Features/Ahomepage.feature"},{"name":"package","value":"src.test.resources.Features.Ahomepage_feature.feature to test the home page"}],"links":[],"name":"Check get started button of Stack  tab.","status":"failed","statusDetails":{"known":false,"muted":false,"flaky":false,"message":"expected [Stack] but found [NumpyNinja]","trace":"java.lang.AssertionError: expected [Stack] but found [NumpyNinja]\r\n\tat org.testng.Assert.fail(Assert.java:111)\r\n\tat org.testng.Assert.failNotEquals(Assert.java:1578)\r\n\tat org.testng.Assert.assertEqualsImpl(Assert.java:150)\r\n\tat org.testng.Assert.assertEquals(Assert.java:132)\r\n\tat org.testng.Assert.assertEquals(Assert.java:656)\r\n\tat org.testng.Assert.assertEquals(Assert.java:666)\r\n\tat stepdef.Homepagestepdef.user_navigated_to_stack_page(Homepagestepdef.java:121)\r\n\tat ✽.User navigated to Stack page(file:///C:/Users/golda/git/DsAlgoProject/DsAlgoProject/src/test/resources/Features/Ahomepage.feature:103)\r\n"},"stage":"finished","steps":[{"name":"Given User is in the home page","status":"passed","statusDetails":{"known":false,"muted":false,"flaky":false},"stage":"finished","steps":[],"attachments":[],"parameters":[],"start":1732767806831,"stop":1732767806933},{"name":"When user clicks the Stack Get Started button","status":"passed","statusDetails":{"known":false,"muted":false,"flaky":false},"stage":"finished","steps":[],"attachments":[],"parameters":[],"start":1732767806933,"stop":1732767807267},{"name":"Then User navigated to Stack page","status":"failed","statusDetails":{"known":false,"muted":false,"flaky":false,"message":"expected [Stack] but found [NumpyNinja]","trace":"java.lang.AssertionError: expected [Stack] but found [NumpyNinja]\r\n\tat org.testng.Assert.fail(Assert.java:111)\r\n\tat org.testng.Assert.failNotEquals(Assert.java:1578)\r\n\tat org.testng.Assert.assertEqualsImpl(Assert.java:150)\r\n\tat org.testng.Assert.assertEquals(Assert.java:132)\r\n\tat org.testng.Assert.assertEquals(Assert.java:656)\r\n\tat org.testng.Assert.assertEquals(Assert.java:666)\r\n\tat stepdef.Homepagestepdef.user_navigated_to_stack_page(Homepagestepdef.java:121)\r\n\tat ✽.User navigated to Stack page(file:///C:/Users/golda/git/DsAlgoProject/DsAlgoProject/src/test/resources/Features/Ahomepage.feature:103)\r\n"},"stage":"finished","steps":[],"attachments":[],"parameters":[],"start":1732767807267,"stop":1732767807282}],"attachments":[],"parameters":[],"start":1732767806831,"stop":1732767807282}