{"uuid":"6f6d920a-7aa5-4869-bbbf-25b64524c24a","historyId":"9e80d3f036793680bba5fedda8a2e6fa","testCaseId":"91d5865aaaea65a602ca8ce37821e06","fullName":"src/test/resources/Features/Ahomepage.feature:88","labels":[{"name":"host","value":"Joanna"},{"name":"thread","value":"37756@Joanna.main(1)"},{"name":"feature","value":"feature to test the home page"},{"name":"story","value":"Check get started button of Array tab."},{"name":"suite","value":"feature to test the home page"},{"name":"testClass","value":"Check get started button of Array tab."},{"name":"framework","value":"cucumber4jvm"},{"name":"language","value":"java"},{"name":"gherkin_uri","value":"file:///C:/Users/golda/git/DsAlgoProject/DsAlgoProject/src/test/resources/Features/Ahomepage.feature"},{"name":"package","value":"src.test.resources.Features.Ahomepage_feature.feature to test the home page"}],"links":[],"name":"Check get started button of Array tab.","status":"failed","statusDetails":{"known":false,"muted":false,"flaky":false,"message":"expected [Array] but found [NumpyNinja]","trace":"java.lang.AssertionError: expected [Array] but found [NumpyNinja]\r\n\tat org.testng.Assert.fail(Assert.java:111)\r\n\tat org.testng.Assert.failNotEquals(Assert.java:1578)\r\n\tat org.testng.Assert.assertEqualsImpl(Assert.java:150)\r\n\tat org.testng.Assert.assertEquals(Assert.java:132)\r\n\tat org.testng.Assert.assertEquals(Assert.java:656)\r\n\tat org.testng.Assert.assertEquals(Assert.java:666)\r\n\tat stepdef.Homepagestepdef.user_navigated_to_array_page(Homepagestepdef.java:98)\r\n\tat ✽.User navigated to array page(file:///C:/Users/golda/git/DsAlgoProject/DsAlgoProject/src/test/resources/Features/Ahomepage.feature:91)\r\n"},"stage":"finished","steps":[{"name":"Given User is in the home page","status":"passed","statusDetails":{"known":false,"muted":false,"flaky":false},"stage":"finished","steps":[],"attachments":[],"parameters":[],"start":1732767805908,"stop":1732767806000},{"name":"When user clicks the Array Get Started button","status":"passed","statusDetails":{"known":false,"muted":false,"flaky":false},"stage":"finished","steps":[],"attachments":[],"parameters":[],"start":1732767806000,"stop":1732767806336},{"name":"Then User navigated to array page","status":"failed","statusDetails":{"known":false,"muted":false,"flaky":false,"message":"expected [Array] but found [NumpyNinja]","trace":"java.lang.AssertionError: expected [Array] but found [NumpyNinja]\r\n\tat org.testng.Assert.fail(Assert.java:111)\r\n\tat org.testng.Assert.failNotEquals(Assert.java:1578)\r\n\tat org.testng.Assert.assertEqualsImpl(Assert.java:150)\r\n\tat org.testng.Assert.assertEquals(Assert.java:132)\r\n\tat org.testng.Assert.assertEquals(Assert.java:656)\r\n\tat org.testng.Assert.assertEquals(Assert.java:666)\r\n\tat stepdef.Homepagestepdef.user_navigated_to_array_page(Homepagestepdef.java:98)\r\n\tat ✽.User navigated to array page(file:///C:/Users/golda/git/DsAlgoProject/DsAlgoProject/src/test/resources/Features/Ahomepage.feature:91)\r\n"},"stage":"finished","steps":[],"attachments":[],"parameters":[],"start":1732767806337,"stop":1732767806353}],"attachments":[],"parameters":[],"start":1732767805908,"stop":1732767806353}