{"uuid":"c48b0f5a-e048-4555-bf2c-e3448b376aa1","historyId":"413d5e1b367afd259206c82e72714bd","testCaseId":"228e5f579e3e8e749e7a09f34eed6040","fullName":"src/test/resources/Features/EArraypage.feature:36","labels":[{"name":"host","value":"Joanna"},{"name":"thread","value":"42916@Joanna.main(1)"},{"name":"feature","value":"Feature to test the array page"},{"name":"story","value":"Test Sub Array Page Arrays in Python Link"},{"name":"suite","value":"Feature to test the array page"},{"name":"testClass","value":"Test Sub Array Page Arrays in Python Link"},{"name":"framework","value":"cucumber4jvm"},{"name":"language","value":"java"},{"name":"gherkin_uri","value":"file:///C:/Users/golda/git/DsAlgoProject/DsAlgoProject/src/test/resources/Features/EArraypage.feature"},{"name":"package","value":"src.test.resources.Features.EArraypage_feature.Feature to test the array page"}],"links":[],"name":"Test Sub Array Page Arrays in Python Link","status":"failed","statusDetails":{"known":false,"muted":false,"flaky":false,"message":"expected [Arrays in Python] but found [Applications of Array]","trace":"java.lang.AssertionError: expected [Arrays in Python] but found [Applications of Array]\r\n\tat org.testng.Assert.fail(Assert.java:111)\r\n\tat org.testng.Assert.failNotEquals(Assert.java:1578)\r\n\tat org.testng.Assert.assertEqualsImpl(Assert.java:150)\r\n\tat org.testng.Assert.assertEquals(Assert.java:132)\r\n\tat org.testng.Assert.assertEquals(Assert.java:656)\r\n\tat org.testng.Assert.assertEquals(Assert.java:666)\r\n\tat stepdef.Arraystepdef.user_navigated_to_arrays_in_python_page(Arraystepdef.java:50)\r\n\tat ✽.User navigated to Arrays in Python Page(file:///C:/Users/golda/git/DsAlgoProject/DsAlgoProject/src/test/resources/Features/EArraypage.feature:41)\r\n"},"stage":"finished","steps":[{"name":"Given User is in the home page","status":"passed","statusDetails":{"known":false,"muted":false,"flaky":false},"stage":"finished","steps":[],"attachments":[],"parameters":[],"start":1732590312890,"stop":1732590313096},{"name":"When user clicks the Array Get Started button","status":"passed","statusDetails":{"known":false,"muted":false,"flaky":false},"stage":"finished","steps":[],"attachments":[],"parameters":[],"start":1732590313096,"stop":1732590313529},{"name":"Given User is on Array page","status":"passed","statusDetails":{"known":false,"muted":false,"flaky":false},"stage":"finished","steps":[],"attachments":[],"parameters":[],"start":1732590313529,"stop":1732590313531},{"name":"And User clicks on Arrays in Python Link","status":"passed","statusDetails":{"known":false,"muted":false,"flaky":false},"stage":"finished","steps":[],"attachments":[],"parameters":[],"start":1732590313531,"stop":1732590313883},{"name":"And User is on Sub Array page","status":"passed","statusDetails":{"known":false,"muted":false,"flaky":false},"stage":"finished","steps":[],"attachments":[],"parameters":[],"start":1732590313883,"stop":1732590313883},{"name":"When User clicks on Sub Arrays in Python Link","status":"passed","statusDetails":{"known":false,"muted":false,"flaky":false},"stage":"finished","steps":[],"attachments":[],"parameters":[],"start":1732590313883,"stop":1732590314330},{"name":"Then User navigated to Arrays in Python Page","status":"failed","statusDetails":{"known":false,"muted":false,"flaky":false,"message":"expected [Arrays in Python] but found [Applications of Array]","trace":"java.lang.AssertionError: expected [Arrays in Python] but found [Applications of Array]\r\n\tat org.testng.Assert.fail(Assert.java:111)\r\n\tat org.testng.Assert.failNotEquals(Assert.java:1578)\r\n\tat org.testng.Assert.assertEqualsImpl(Assert.java:150)\r\n\tat org.testng.Assert.assertEquals(Assert.java:132)\r\n\tat org.testng.Assert.assertEquals(Assert.java:656)\r\n\tat org.testng.Assert.assertEquals(Assert.java:666)\r\n\tat stepdef.Arraystepdef.user_navigated_to_arrays_in_python_page(Arraystepdef.java:50)\r\n\tat ✽.User navigated to Arrays in Python Page(file:///C:/Users/golda/git/DsAlgoProject/DsAlgoProject/src/test/resources/Features/EArraypage.feature:41)\r\n"},"stage":"finished","steps":[],"attachments":[],"parameters":[],"start":1732590314331,"stop":1732590314350}],"attachments":[],"parameters":[],"start":1732590312890,"stop":1732590314351}