{"uuid":"44932623-d0ab-4013-9ea8-39882426ea3e","historyId":"5ab5e1454c0e2c42fd49c9b7e41e44d8","testCaseId":"a1b4615f97be053196fc0e2bf3549d9b","fullName":"src/test/resources/Features/Ctryeditor.feature:13","labels":[{"name":"host","value":"Joanna"},{"name":"thread","value":"52260@Joanna.main(1)"},{"name":"feature","value":"Test the TryEditor Page"},{"name":"story","value":"User enter the statement and Execute"},{"name":"suite","value":"Test the TryEditor Page"},{"name":"testClass","value":"User enter the statement and Execute"},{"name":"framework","value":"cucumber4jvm"},{"name":"language","value":"java"},{"name":"gherkin_uri","value":"file:///C:/Users/golda/git/DsAlgoProject/DsAlgoProject/src/test/resources/Features/Ctryeditor.feature"},{"name":"package","value":"src.test.resources.Features.Ctryeditor_feature.Test the TryEditor Page"}],"links":[],"name":"User enter the statement and Execute","status":"broken","statusDetails":{"known":false,"muted":false,"flaky":false,"message":"unexpected alert open: {Alert text : NameError: name 'Print' is not defined on line 1}\n  (Session info: chrome=131.0.6778.69): NameError: name 'Print' is not defined on line 1\nBuild info: version: '4.23.1', revision: '656257d8e9'\nSystem info: os.name: 'Windows 11', os.arch: 'amd64', os.version: '10.0', java.version: '22.0.2'\nDriver info: org.openqa.selenium.chrome.ChromeDriver\nCommand: [fc10d11a9db7a8def072dd5d7bbf2a47, get {url=https://dsportalapp.herokuapp.com/tryEditor}]\nCapabilities {acceptInsecureCerts: false, browserName: chrome, browserVersion: 131.0.6778.69, chrome: {chromedriverVersion: 131.0.6778.69 (77e2244bbcda..., userDataDir: C:\\Users\\golda\\AppData\\Loca...}, fedcm:accounts: true, goog:chromeOptions: {debuggerAddress: localhost:60076}, networkConnectionEnabled: false, pageLoadStrategy: normal, platformName: windows, proxy: Proxy(), se:cdp: ws://localhost:60076/devtoo..., se:cdpVersion: 131.0.6778.69, setWindowRect: true, strictFileInteractability: false, timeouts: {implicit: 0, pageLoad: 300000, script: 30000}, unhandledPromptBehavior: dismiss and notify, webauthn:extension:credBlob: true, webauthn:extension:largeBlob: true, webauthn:extension:minPinLength: true, webauthn:extension:prf: true, webauthn:virtualAuthenticators: true}\nSession ID: fc10d11a9db7a8def072dd5d7bbf2a47","trace":"org.openqa.selenium.UnhandledAlertException: unexpected alert open: {Alert text : NameError: name 'Print' is not defined on line 1}\n  (Session info: chrome=131.0.6778.69): NameError: name 'Print' is not defined on line 1\nBuild info: version: '4.23.1', revision: '656257d8e9'\nSystem info: os.name: 'Windows 11', os.arch: 'amd64', os.version: '10.0', java.version: '22.0.2'\nDriver info: org.openqa.selenium.chrome.ChromeDriver\nCommand: [fc10d11a9db7a8def072dd5d7bbf2a47, get {url=https://dsportalapp.herokuapp.com/tryEditor}]\nCapabilities {acceptInsecureCerts: false, browserName: chrome, browserVersion: 131.0.6778.69, chrome: {chromedriverVersion: 131.0.6778.69 (77e2244bbcda..., userDataDir: C:\\Users\\golda\\AppData\\Loca...}, fedcm:accounts: true, goog:chromeOptions: {debuggerAddress: localhost:60076}, networkConnectionEnabled: false, pageLoadStrategy: normal, platformName: windows, proxy: Proxy(), se:cdp: ws://localhost:60076/devtoo..., se:cdpVersion: 131.0.6778.69, setWindowRect: true, strictFileInteractability: false, timeouts: {implicit: 0, pageLoad: 300000, script: 30000}, unhandledPromptBehavior: dismiss and notify, webauthn:extension:credBlob: true, webauthn:extension:largeBlob: true, webauthn:extension:minPinLength: true, webauthn:extension:prf: true, webauthn:virtualAuthenticators: true}\nSession ID: fc10d11a9db7a8def072dd5d7bbf2a47\r\n\tat org.openqa.selenium.remote.codec.w3c.W3CHttpResponseCodec.decode(W3CHttpResponseCodec.java:136)\r\n\tat org.openqa.selenium.remote.codec.w3c.W3CHttpResponseCodec.decode(W3CHttpResponseCodec.java:50)\r\n\tat org.openqa.selenium.remote.HttpCommandExecutor.execute(HttpCommandExecutor.java:190)\r\n\tat org.openqa.selenium.remote.service.DriverCommandExecutor.invokeExecute(DriverCommandExecutor.java:216)\r\n\tat org.openqa.selenium.remote.service.DriverCommandExecutor.execute(DriverCommandExecutor.java:174)\r\n\tat org.openqa.selenium.remote.RemoteWebDriver.execute(RemoteWebDriver.java:545)\r\n\tat org.openqa.selenium.remote.RemoteWebDriver.get(RemoteWebDriver.java:313)\r\n\tat stepdef.TryEditorPageStep.user_is_on_the_try_editor_page(TryEditorPageStep.java:31)\r\n\tat ✽.User is on the Try Editor Page(file:///C:/Users/golda/git/DsAlgoProject/DsAlgoProject/src/test/resources/Features/Ctryeditor.feature:4)\r\n"},"stage":"finished","steps":[{"name":"Given User is on the Try Editor Page","status":"broken","statusDetails":{"known":false,"muted":false,"flaky":false,"message":"unexpected alert open: {Alert text : NameError: name 'Print' is not defined on line 1}\n  (Session info: chrome=131.0.6778.69): NameError: name 'Print' is not defined on line 1\nBuild info: version: '4.23.1', revision: '656257d8e9'\nSystem info: os.name: 'Windows 11', os.arch: 'amd64', os.version: '10.0', java.version: '22.0.2'\nDriver info: org.openqa.selenium.chrome.ChromeDriver\nCommand: [fc10d11a9db7a8def072dd5d7bbf2a47, get {url=https://dsportalapp.herokuapp.com/tryEditor}]\nCapabilities {acceptInsecureCerts: false, browserName: chrome, browserVersion: 131.0.6778.69, chrome: {chromedriverVersion: 131.0.6778.69 (77e2244bbcda..., userDataDir: C:\\Users\\golda\\AppData\\Loca...}, fedcm:accounts: true, goog:chromeOptions: {debuggerAddress: localhost:60076}, networkConnectionEnabled: false, pageLoadStrategy: normal, platformName: windows, proxy: Proxy(), se:cdp: ws://localhost:60076/devtoo..., se:cdpVersion: 131.0.6778.69, setWindowRect: true, strictFileInteractability: false, timeouts: {implicit: 0, pageLoad: 300000, script: 30000}, unhandledPromptBehavior: dismiss and notify, webauthn:extension:credBlob: true, webauthn:extension:largeBlob: true, webauthn:extension:minPinLength: true, webauthn:extension:prf: true, webauthn:virtualAuthenticators: true}\nSession ID: fc10d11a9db7a8def072dd5d7bbf2a47","trace":"org.openqa.selenium.UnhandledAlertException: unexpected alert open: {Alert text : NameError: name 'Print' is not defined on line 1}\n  (Session info: chrome=131.0.6778.69): NameError: name 'Print' is not defined on line 1\nBuild info: version: '4.23.1', revision: '656257d8e9'\nSystem info: os.name: 'Windows 11', os.arch: 'amd64', os.version: '10.0', java.version: '22.0.2'\nDriver info: org.openqa.selenium.chrome.ChromeDriver\nCommand: [fc10d11a9db7a8def072dd5d7bbf2a47, get {url=https://dsportalapp.herokuapp.com/tryEditor}]\nCapabilities {acceptInsecureCerts: false, browserName: chrome, browserVersion: 131.0.6778.69, chrome: {chromedriverVersion: 131.0.6778.69 (77e2244bbcda..., userDataDir: C:\\Users\\golda\\AppData\\Loca...}, fedcm:accounts: true, goog:chromeOptions: {debuggerAddress: localhost:60076}, networkConnectionEnabled: false, pageLoadStrategy: normal, platformName: windows, proxy: Proxy(), se:cdp: ws://localhost:60076/devtoo..., se:cdpVersion: 131.0.6778.69, setWindowRect: true, strictFileInteractability: false, timeouts: {implicit: 0, pageLoad: 300000, script: 30000}, unhandledPromptBehavior: dismiss and notify, webauthn:extension:credBlob: true, webauthn:extension:largeBlob: true, webauthn:extension:minPinLength: true, webauthn:extension:prf: true, webauthn:virtualAuthenticators: true}\nSession ID: fc10d11a9db7a8def072dd5d7bbf2a47\r\n\tat org.openqa.selenium.remote.codec.w3c.W3CHttpResponseCodec.decode(W3CHttpResponseCodec.java:136)\r\n\tat org.openqa.selenium.remote.codec.w3c.W3CHttpResponseCodec.decode(W3CHttpResponseCodec.java:50)\r\n\tat org.openqa.selenium.remote.HttpCommandExecutor.execute(HttpCommandExecutor.java:190)\r\n\tat org.openqa.selenium.remote.service.DriverCommandExecutor.invokeExecute(DriverCommandExecutor.java:216)\r\n\tat org.openqa.selenium.remote.service.DriverCommandExecutor.execute(DriverCommandExecutor.java:174)\r\n\tat org.openqa.selenium.remote.RemoteWebDriver.execute(RemoteWebDriver.java:545)\r\n\tat org.openqa.selenium.remote.RemoteWebDriver.get(RemoteWebDriver.java:313)\r\n\tat stepdef.TryEditorPageStep.user_is_on_the_try_editor_page(TryEditorPageStep.java:31)\r\n\tat ✽.User is on the Try Editor Page(file:///C:/Users/golda/git/DsAlgoProject/DsAlgoProject/src/test/resources/Features/Ctryeditor.feature:4)\r\n"},"stage":"finished","steps":[],"attachments":[],"parameters":[],"start":1731645985800,"stop":1731645985822},{"name":"When User enters data from \"Sheet1\" and 2","status":"skipped","statusDetails":{"known":false,"muted":false,"flaky":false},"stage":"finished","steps":[],"attachments":[],"parameters":[],"start":1731645985822,"stop":1731645985822},{"name":"And User clicks on Run button","status":"skipped","statusDetails":{"known":false,"muted":false,"flaky":false},"stage":"finished","steps":[],"attachments":[],"parameters":[],"start":1731645985822,"stop":1731645985823},{"name":"Then Statement will be executed and Result shown","status":"skipped","statusDetails":{"known":false,"muted":false,"flaky":false},"stage":"finished","steps":[],"attachments":[],"parameters":[],"start":1731645985823,"stop":1731645985823}],"attachments":[],"parameters":[{"name":"Sheet","value":"Sheet1"},{"name":"RowNum","value":"2"}],"start":1731645985800,"stop":1731645985823}